<?xml version="1.0" encoding="UTF-8"?>
<!-- Generated by org.testng.reporters.JUnitXMLReporter -->
<testsuite ignored="1" hostname="DESKTOP-Q1BOVCQ" failures="0" tests="3" name="Default test" time="0.072" errors="0" timestamp="2024-12-16T08:26:05 IST">
  <testcase classname="tests.XMLParameterisedTests" name="fetchData" time="0.009"/>
  <testcase classname="tests.XMLParameterisedTests" name="fetchData" time="0.001"/>
  <testcase classname="tests.XMLParameterisedTests" name="fetchData" time="0.001"/>
  <testcase classname="tests.XMLParameterisedTests" name="getURL" time="0.0">
    <ignored/>
  </testcase> <!-- getURL -->
</testsuite> <!-- Default test -->
