<?xml version="1.0" encoding="UTF-8"?>
<testng-results ignored="0" total="3" passed="3" failed="0" skipped="0">
  <reporter-output>
  </reporter-output>
  <suite started-at="2024-12-16T08:26:04 IST" name="Default suite" finished-at="2024-12-16T08:26:05 IST" duration-ms="72">
    <groups>
    </groups>
    <test started-at="2024-12-16T08:26:04 IST" name="Default test" finished-at="2024-12-16T08:26:05 IST" duration-ms="72">
      <class name="tests.XMLParameterisedTests">
        <test-method signature="fetchData(java.lang.String,java.lang.String)[pri:0, instance:tests.XMLParameterisedTests@59309333]" started-at="2024-12-16T08:26:05 IST" name="fetchData" data-provider="getData" finished-at="2024-12-16T08:26:05 IST" duration-ms="9" status="PASS">
          <params>
            <param index="0">
              <value>
                <![CDATA[validuser]]>
              </value>
            </param>
            <param index="1">
              <value>
                <![CDATA[validpass]]>
              </value>
            </param>
          </params>
          <reporter-output>
          </reporter-output>
        </test-method> <!-- fetchData -->
        <test-method signature="fetchData(java.lang.String,java.lang.String)[pri:0, instance:tests.XMLParameterisedTests@59309333]" started-at="2024-12-16T08:26:05 IST" name="fetchData" data-provider="getData" finished-at="2024-12-16T08:26:05 IST" duration-ms="1" status="PASS">
          <params>
            <param index="0">
              <value>
                <![CDATA[invaliduser]]>
              </value>
            </param>
            <param index="1">
              <value>
                <![CDATA[invalidpass]]>
              </value>
            </param>
          </params>
          <reporter-output>
          </reporter-output>
        </test-method> <!-- fetchData -->
        <test-method signature="fetchData(java.lang.String,java.lang.String)[pri:0, instance:tests.XMLParameterisedTests@59309333]" started-at="2024-12-16T08:26:05 IST" name="fetchData" data-provider="getData" finished-at="2024-12-16T08:26:05 IST" duration-ms="1" status="PASS">
          <params>
            <param index="0">
              <value>
                <![CDATA[validuser]]>
              </value>
            </param>
            <param index="1">
              <value>
                <![CDATA[invalidpass]]>
              </value>
            </param>
          </params>
          <reporter-output>
          </reporter-output>
        </test-method> <!-- fetchData -->
      </class> <!-- tests.XMLParameterisedTests -->
    </test> <!-- Default test -->
  </suite> <!-- Default suite -->
</testng-results>
